[2023-02-02 18:18:07 $99.0]	INFO	Server is reloading all workers now
[2023-02-02 18:19:40 $99.0]	INFO	Server is reloading all workers now
[2023-02-02 18:20:21 $99.0]	INFO	Server is reloading all workers now
[2023-02-02 18:20:37 $99.0]	INFO	Server is reloading all workers now
[2023-02-02 18:21:08 $99.0]	INFO	Server is reloading all workers now
[2023-02-02 18:29:08 $99.0]	INFO	Server is reloading all workers now
[2023-02-02 18:29:15 $99.0]	INFO	Server is reloading all workers now
[2023-02-02 18:31:03 $99.0]	INFO	Server is reloading all workers now
[2023-02-02 18:31:20 $99.0]	INFO	Server is reloading all workers now
[2023-02-02 18:32:04 $99.0]	INFO	Server is reloading all workers now
[2023-02-02 18:32:05 $99.0]	INFO	Server is reloading all workers now
[2023-02-02 18:35:11 $99.0]	INFO	Server is reloading all workers now
[2023-02-02 18:35:32 *4731.3]	NOTICE	ProcessFactory::end() (ERRNO 1005): session#39 does not exists
[2023-02-02 18:36:41 $99.0]	INFO	Server is reloading all workers now
[2023-02-02 18:36:46 $99.0]	INFO	Server is reloading all workers now
[2023-02-02 18:44:53 $99.0]	INFO	Server is reloading all workers now
[2023-02-02 18:46:24 $99.0]	INFO	Server is reloading all workers now
[2023-02-02 18:50:22 $99.0]	INFO	Server is reloading all workers now
[2023-02-02 18:50:28 $99.0]	INFO	Server is reloading all workers now
[2023-02-02 19:03:57 $97.0]	INFO	Server is reloading all workers now
[2023-02-04 19:24:38 $159.0]	INFO	Server is reloading all workers now
[2023-02-04 19:24:44 $159.0]	INFO	Server is reloading all workers now
[2023-02-04 19:25:26 $159.0]	INFO	Server is reloading all workers now
[2023-02-04 19:25:50 $159.0]	INFO	Server is reloading all workers now
[2023-02-04 19:34:51 $159.0]	INFO	Server is reloading all workers now
[2023-02-04 19:35:50 $159.0]	INFO	Server is reloading all workers now
[2023-02-04 19:36:50 $159.0]	INFO	Server is reloading all workers now
[2023-02-04 19:37:14 $159.0]	INFO	Server is reloading all workers now
[2023-02-04 19:37:45 $159.0]	INFO	Server is reloading all workers now
[2023-02-04 19:38:10 $159.0]	INFO	Server is reloading all workers now
[2023-02-04 19:38:26 $159.0]	INFO	Server is reloading all workers now
[2023-02-04 19:38:45 $159.0]	INFO	Server is reloading all workers now
[2023-02-04 19:42:22 $159.0]	INFO	Server is reloading all workers now
[2023-02-04 19:43:10 $159.0]	INFO	Server is reloading all workers now
[2023-02-04 19:43:42 $159.0]	INFO	Server is reloading all workers now
[2023-02-04 19:43:57 $159.0]	INFO	Server is reloading all workers now
[2023-02-04 19:44:18 $159.0]	INFO	Server is reloading all workers now
[2023-02-04 19:46:01 $159.0]	INFO	Server is reloading all workers now
[2023-02-04 19:46:44 $159.0]	INFO	Server is reloading all workers now
[2023-02-04 19:47:00 $159.0]	INFO	Server is reloading all workers now
[2023-02-04 19:47:20 $159.0]	INFO	Server is reloading all workers now
[2023-02-04 19:47:26 $159.0]	INFO	Server is reloading all workers now
[2023-02-04 19:47:43 $159.0]	INFO	Server is reloading all workers now
[2023-02-04 19:48:07 $159.0]	INFO	Server is reloading all workers now
[2023-02-04 19:48:55 $159.0]	INFO	Server is reloading all workers now
[2023-02-04 19:49:37 $159.0]	INFO	Server is reloading all workers now
[2023-02-04 19:50:31 $159.0]	INFO	Server is reloading all workers now
[2023-02-04 19:51:08 $159.0]	INFO	Server is reloading all workers now
[2023-02-04 19:51:24 $159.0]	INFO	Server is reloading all workers now
[2023-02-04 19:52:36 $159.0]	INFO	Server is reloading all workers now
[2023-02-04 19:53:12 $159.0]	INFO	Server is reloading all workers now
[2023-02-04 19:53:14 $159.0]	INFO	Server is reloading all workers now
[2023-02-04 19:53:24 $159.0]	INFO	Server is reloading all workers now
[2023-02-04 19:53:27 $159.0]	INFO	Server is reloading all workers now
[2023-02-04 19:53:27 #157.8]	INFO	Server is shutdown now
[2023-02-04 19:53:27 #157.8]	WARNING	ReactorEpoll::del() (ERRNO 800): failed to delete events[fd=6, fd_type=1], it has already been removed
[2023-02-04 19:53:27 #157.8]	INFO	Server is shutdown now
[2023-02-04 19:53:27 #157.8]	WARNING	ReactorEpoll::del() (ERRNO 800): failed to delete events[fd=6, fd_type=1], it has already been removed
[2023-02-04 19:53:27 #157.8]	INFO	Server is shutdown now
[2023-02-04 19:53:27 #157.8]	WARNING	ReactorEpoll::del() (ERRNO 800): failed to delete events[fd=6, fd_type=1], it has already been removed
[2023-02-04 19:53:27 #157.8]	INFO	Server is shutdown now
[2023-02-04 19:53:27 #157.8]	WARNING	ReactorEpoll::del() (ERRNO 800): failed to delete events[fd=6, fd_type=1], it has already been removed
[2023-02-04 19:53:27 #157.8]	INFO	Server is shutdown now
[2023-02-04 19:53:27 #157.8]	WARNING	ReactorEpoll::del() (ERRNO 800): failed to delete events[fd=6, fd_type=1], it has already been removed
[2023-02-04 19:53:27 #157.8]	INFO	Server is shutdown now
[2023-02-04 19:53:27 #157.8]	WARNING	ReactorEpoll::del() (ERRNO 800): failed to delete events[fd=6, fd_type=1], it has already been removed
[2023-02-04 19:53:27 #157.8]	INFO	Server is shutdown now
[2023-02-04 19:53:27 #157.8]	WARNING	ReactorEpoll::del() (ERRNO 800): failed to delete events[fd=6, fd_type=1], it has already been removed
[2023-02-04 19:53:27 #157.8]	INFO	Server is shutdown now
[2023-02-04 19:53:27 #157.8]	WARNING	ReactorEpoll::del() (ERRNO 800): failed to delete events[fd=6, fd_type=1], it has already been removed
[2023-02-04 19:53:27 #157.8]	INFO	Server is shutdown now
[2023-02-04 19:53:27 #157.8]	WARNING	ReactorEpoll::del() (ERRNO 800): failed to delete events[fd=6, fd_type=1], it has already been removed
[2023-02-04 19:53:27 #157.8]	INFO	Server is shutdown now
[2023-02-04 19:53:27 #157.8]	WARNING	ReactorEpoll::del() (ERRNO 800): failed to delete events[fd=6, fd_type=1], it has already been removed
[2023-02-04 19:53:27 #157.8]	INFO	Server is shutdown now
[2023-02-04 19:53:27 #157.8]	WARNING	ReactorEpoll::del() (ERRNO 800): failed to delete events[fd=6, fd_type=1], it has already been removed
[2023-02-04 19:53:27 #157.8]	INFO	Server is shutdown now
[2023-02-04 19:53:27 #157.8]	WARNING	ReactorEpoll::del() (ERRNO 800): failed to delete events[fd=6, fd_type=1], it has already been removed
[2023-02-04 19:53:27 #157.8]	INFO	Server is shutdown now
[2023-02-04 19:53:27 #157.8]	WARNING	ReactorEpoll::del() (ERRNO 800): failed to delete events[fd=6, fd_type=1], it has already been removed
[2023-02-04 19:53:27 #157.8]	INFO	Server is shutdown now
[2023-02-04 19:53:27 #157.8]	WARNING	ReactorEpoll::del() (ERRNO 800): failed to delete events[fd=6, fd_type=1], it has already been removed
[2023-02-04 19:53:27 #157.8]	INFO	Server is shutdown now
[2023-02-04 19:53:27 #157.8]	WARNING	ReactorEpoll::del() (ERRNO 800): failed to delete events[fd=6, fd_type=1], it has already been removed
[2023-02-04 19:53:27 #157.8]	INFO	Server is shutdown now
[2023-02-04 19:53:27 ^10041.14]	WARNING	Server::reply_task_result(): Server::finish() can only be used in the worker process
[2023-02-04 20:05:19 $134.0]	INFO	Server is reloading all workers now
[2023-02-04 20:06:03 $134.0]	INFO	Server is reloading all workers now
[2023-02-04 20:06:32 $134.0]	INFO	Server is reloading all workers now
[2023-02-04 20:06:36 $134.0]	INFO	Server is reloading all workers now
[2023-02-04 20:07:03 $134.0]	INFO	Server is reloading all workers now
[2023-02-04 20:07:15 $134.0]	INFO	Server is reloading all workers now
[2023-02-04 20:07:37 $134.0]	INFO	Server is reloading all workers now
[2023-02-04 20:07:53 $134.0]	INFO	Server is reloading all workers now
[2023-02-04 20:09:03 $134.0]	INFO	Server is reloading all workers now
[2023-02-04 20:09:22 $134.0]	INFO	Server is reloading all workers now
[2023-02-04 20:09:30 $134.0]	INFO	Server is reloading all workers now
[2023-02-04 20:09:47 $134.0]	INFO	Server is reloading all workers now
[2023-02-04 20:10:14 $134.0]	INFO	Server is reloading all workers now
[2023-02-04 20:10:18 $134.0]	INFO	Server is reloading all workers now
[2023-02-04 20:10:44 $134.0]	INFO	Server is reloading all workers now
[2023-02-04 20:10:48 $134.0]	INFO	Server is reloading all workers now
[2023-02-04 20:11:01 $134.0]	INFO	Server is reloading all workers now
[2023-02-04 20:11:53 $134.0]	INFO	Server is reloading all workers now
[2023-02-04 20:12:23 $134.0]	INFO	Server is reloading all workers now
[2023-02-04 20:12:45 $134.0]	INFO	Server is reloading all workers now
[2023-02-04 20:13:28 $134.0]	INFO	Server is reloading all workers now
[2023-02-04 20:14:11 $134.0]	INFO	Server is reloading all workers now
[2023-02-04 20:14:31 $134.0]	INFO	Server is reloading all workers now
[2023-02-04 20:15:35 $134.0]	INFO	Server is reloading all workers now
[2023-02-04 20:15:45 $134.0]	INFO	Server is reloading all workers now
[2023-02-04 20:16:08 $134.0]	INFO	Server is reloading all workers now
[2023-02-04 20:16:32 $134.0]	INFO	Server is reloading all workers now
[2023-02-04 20:16:48 $134.0]	INFO	Server is reloading all workers now
[2023-02-04 20:17:07 $134.0]	INFO	Server is reloading all workers now
[2023-02-04 20:17:48 $134.0]	INFO	Server is reloading all workers now
[2023-02-04 20:17:58 $134.0]	INFO	Server is reloading all workers now
[2023-02-04 20:18:11 $134.0]	INFO	Server is reloading all workers now
[2023-02-04 20:18:15 $134.0]	INFO	Server is reloading all workers now
[2023-02-04 20:18:32 $134.0]	INFO	Server is reloading all workers now
[2023-02-04 20:19:00 $134.0]	INFO	Server is reloading all workers now
[2023-02-04 20:21:47 $134.0]	INFO	Server is reloading all workers now
[2023-02-04 20:22:03 $134.0]	INFO	Server is reloading all workers now
[2023-02-04 20:23:04 $134.0]	INFO	Server is reloading all workers now
[2023-02-04 20:24:12 $134.0]	INFO	Server is reloading all workers now
[2023-02-04 20:24:45 $134.0]	INFO	Server is reloading all workers now
[2023-02-04 20:24:57 $134.0]	INFO	Server is reloading all workers now
[2023-02-04 20:25:03 $134.0]	INFO	Server is reloading all workers now
[2023-02-04 20:25:15 $134.0]	INFO	Server is reloading all workers now
[2023-02-04 20:25:20 $134.0]	INFO	Server is reloading all workers now
[2023-02-04 20:25:35 $134.0]	INFO	Server is reloading all workers now
[2023-02-04 20:25:45 $134.0]	INFO	Server is reloading all workers now
[2023-02-04 20:26:00 $134.0]	INFO	Server is reloading all workers now
[2023-02-04 20:26:26 $134.0]	INFO	Server is reloading all workers now
[2023-02-04 20:27:19 $134.0]	INFO	Server is reloading all workers now
[2023-02-04 20:27:33 $134.0]	INFO	Server is reloading all workers now
[2023-02-04 20:27:34 $134.0]	INFO	Server is reloading all workers now
[2023-02-04 20:28:57 $134.0]	INFO	Server is reloading all workers now
[2023-02-04 20:29:11 $134.0]	INFO	Server is reloading all workers now
[2023-02-04 20:29:57 $134.0]	INFO	Server is reloading all workers now
[2023-02-04 20:30:36 $134.0]	INFO	Server is reloading all workers now
[2023-02-04 20:30:53 $134.0]	INFO	Server is reloading all workers now
[2023-02-04 20:32:11 $134.0]	INFO	Server is reloading all workers now
[2023-02-04 20:32:33 $134.0]	INFO	Server is reloading all workers now
[2023-02-04 20:38:17 $134.0]	INFO	Server is reloading all workers now
[2023-02-04 20:39:15 $134.0]	INFO	Server is reloading all workers now
[2023-02-04 20:39:17 $134.0]	INFO	Server is reloading all workers now
[2023-02-04 20:39:30 $134.0]	INFO	Server is reloading all workers now
[2023-02-04 20:40:20 $134.0]	INFO	Server is reloading all workers now
[2023-02-04 20:42:32 $134.0]	INFO	Server is reloading all workers now
[2023-02-04 20:58:25 $134.0]	INFO	Server is reloading all workers now
[2023-02-04 20:58:28 $134.0]	INFO	Server is reloading all workers now
[2023-02-04 20:58:55 $134.0]	INFO	Server is reloading all workers now
[2023-02-04 21:00:44 $134.0]	INFO	Server is reloading all workers now
[2023-02-04 21:01:24 $134.0]	INFO	Server is reloading all workers now
[2023-02-04 21:02:17 $134.0]	INFO	Server is reloading all workers now
[2023-02-04 21:02:46 $134.0]	INFO	Server is reloading all workers now
[2023-02-04 21:02:46 #119.8]	INFO	Server is shutdown now
[2023-02-04 21:02:46 #119.8]	WARNING	ReactorEpoll::del() (ERRNO 800): failed to delete events[fd=6, fd_type=1], it has already been removed
[2023-02-04 21:02:46 #119.8]	INFO	Server is shutdown now
[2023-02-04 21:02:46 #119.8]	WARNING	ReactorEpoll::del() (ERRNO 800): failed to delete events[fd=6, fd_type=1], it has already been removed
[2023-02-04 21:02:46 #119.8]	INFO	Server is shutdown now
[2023-02-04 21:02:46 #119.8]	WARNING	ReactorEpoll::del() (ERRNO 800): failed to delete events[fd=6, fd_type=1], it has already been removed
[2023-02-04 21:02:46 #119.8]	INFO	Server is shutdown now
[2023-02-04 21:02:46 #119.8]	WARNING	ReactorEpoll::del() (ERRNO 800): failed to delete events[fd=6, fd_type=1], it has already been removed
[2023-02-04 21:02:46 #119.8]	INFO	Server is shutdown now
[2023-02-04 21:02:46 #119.8]	WARNING	ReactorEpoll::del() (ERRNO 800): failed to delete events[fd=6, fd_type=1], it has already been removed
[2023-02-04 21:02:46 #119.8]	INFO	Server is shutdown now
[2023-02-04 21:02:46 #119.8]	WARNING	ReactorEpoll::del() (ERRNO 800): failed to delete events[fd=6, fd_type=1], it has already been removed
[2023-02-04 21:02:46 #119.8]	INFO	Server is shutdown now
[2023-02-04 21:02:46 #119.8]	WARNING	ReactorEpoll::del() (ERRNO 800): failed to delete events[fd=6, fd_type=1], it has already been removed
[2023-02-04 21:02:46 #119.8]	INFO	Server is shutdown now
[2023-02-04 21:02:46 #119.8]	WARNING	ReactorEpoll::del() (ERRNO 800): failed to delete events[fd=6, fd_type=1], it has already been removed
[2023-02-04 21:02:46 #119.8]	INFO	Server is shutdown now
[2023-02-04 21:02:46 #119.8]	WARNING	ReactorEpoll::del() (ERRNO 800): failed to delete events[fd=6, fd_type=1], it has already been removed
[2023-02-04 21:02:46 #119.8]	INFO	Server is shutdown now
[2023-02-04 21:02:46 #119.8]	WARNING	ReactorEpoll::del() (ERRNO 800): failed to delete events[fd=6, fd_type=1], it has already been removed
[2023-02-04 21:02:46 #119.8]	INFO	Server is shutdown now
[2023-02-04 21:02:46 #119.8]	WARNING	ReactorEpoll::del() (ERRNO 800): failed to delete events[fd=6, fd_type=1], it has already been removed
[2023-02-04 21:02:46 #119.8]	INFO	Server is shutdown now
[2023-02-04 21:02:46 #119.8]	WARNING	ReactorEpoll::del() (ERRNO 800): failed to delete events[fd=6, fd_type=1], it has already been removed
[2023-02-04 21:02:46 #119.8]	INFO	Server is shutdown now
[2023-02-04 21:02:46 #119.8]	WARNING	ReactorEpoll::del() (ERRNO 800): failed to delete events[fd=6, fd_type=1], it has already been removed
[2023-02-04 21:02:46 #119.8]	INFO	Server is shutdown now
[2023-02-04 21:02:46 #119.8]	WARNING	ReactorEpoll::del() (ERRNO 800): failed to delete events[fd=6, fd_type=1], it has already been removed
[2023-02-04 21:02:46 #119.8]	INFO	Server is shutdown now
[2023-02-04 21:02:46 ^15147.12]	WARNING	Server::reply_task_result(): Server::finish() can only be used in the worker process
[2023-02-04 21:09:41 $102.0]	INFO	Server is reloading all workers now
[2023-02-04 21:09:59 $102.0]	INFO	Server is reloading all workers now
[2023-02-04 21:10:23 $102.0]	INFO	Server is reloading all workers now
[2023-02-04 21:11:06 $102.0]	INFO	Server is reloading all workers now
[2023-02-04 21:11:32 $102.0]	INFO	Server is reloading all workers now
[2023-02-04 21:11:45 $102.0]	INFO	Server is reloading all workers now
[2023-02-04 21:11:57 $102.0]	INFO	Server is reloading all workers now
[2023-02-04 21:13:16 $102.0]	INFO	Server is reloading all workers now
[2023-02-04 21:13:31 $102.0]	INFO	Server is reloading all workers now
[2023-02-04 21:13:47 $102.0]	INFO	Server is reloading all workers now
[2023-02-04 21:16:12 $102.0]	INFO	Server is reloading all workers now
[2023-02-04 21:16:31 $102.0]	INFO	Server is reloading all workers now
[2023-02-04 21:18:01 $112.0]	INFO	Server is reloading all workers now
[2023-02-04 21:19:31 $112.0]	INFO	Server is reloading all workers now
[2023-02-04 21:19:45 $112.0]	INFO	Server is reloading all workers now
[2023-02-04 21:21:00 $112.0]	INFO	Server is reloading all workers now
[2023-02-04 21:22:14 $102.0]	INFO	Server is reloading all workers now
[2023-02-04 21:29:59 $102.0]	INFO	Server is reloading all workers now
[2023-02-04 21:31:06 $102.0]	INFO	Server is reloading all workers now
[2023-02-04 21:32:00 $102.0]	INFO	Server is reloading all workers now
[2023-02-04 21:34:18 $102.0]	INFO	Server is reloading all workers now
[2023-02-04 21:34:35 $102.0]	INFO	Server is reloading all workers now
[2023-02-04 21:35:38 $102.0]	INFO	Server is reloading all workers now
[2023-02-04 21:36:02 $102.0]	INFO	Server is reloading all workers now
[2023-02-04 21:37:33 $102.0]	INFO	Server is reloading all workers now
[2023-02-04 21:38:37 $102.0]	INFO	Server is reloading all workers now
[2023-02-04 21:39:13 $102.0]	INFO	Server is reloading all workers now
[2023-02-04 21:41:49 $102.0]	INFO	Server is reloading all workers now
[2023-02-04 21:41:49 $102.0]	INFO	Server is reloading all workers now
[2023-02-04 21:42:45 $102.0]	INFO	Server is reloading all workers now
[2023-02-04 21:43:18 $102.0]	INFO	Server is reloading all workers now
[2023-02-04 21:43:26 $102.0]	INFO	Server is reloading all workers now
[2023-02-04 21:44:03 $102.0]	INFO	Server is reloading all workers now
[2023-02-04 21:45:03 *122.2]	NOTICE	ProcessFactory::end() (ERRNO 1005): session#2 does not exists
[2023-02-04 21:45:03 $102.0]	INFO	Server is reloading all workers now
[2023-02-04 21:45:58 $102.0]	INFO	Server is reloading all workers now
[2023-02-04 21:46:21 $102.0]	INFO	Server is reloading all workers now
[2023-02-04 21:48:31 $102.0]	INFO	Server is reloading all workers now
[2023-02-04 21:49:01 $102.0]	INFO	Server is reloading all workers now
[2023-02-04 21:49:30 $102.0]	INFO	Server is reloading all workers now
[2023-02-04 21:51:49 $102.0]	INFO	Server is reloading all workers now
[2023-02-04 21:54:59 $102.0]	INFO	Server is reloading all workers now
[2023-02-04 21:55:33 $102.0]	INFO	Server is reloading all workers now
[2023-02-04 21:55:38 $102.0]	INFO	Server is reloading all workers now
[2023-02-04 21:56:44 $102.0]	INFO	Server is reloading all workers now
[2023-02-04 21:57:46 $102.0]	INFO	Server is reloading all workers now
[2023-02-04 21:57:50 $102.0]	INFO	Server is reloading all workers now
[2023-02-04 21:58:43 $102.0]	INFO	Server is reloading all workers now
[2023-02-04 21:59:32 $102.0]	INFO	Server is reloading all workers now
[2023-02-04 22:00:05 $102.0]	INFO	Server is reloading all workers now
[2023-02-04 22:00:17 $102.0]	INFO	Server is reloading all workers now
[2023-02-04 22:10:47 $102.0]	INFO	Server is reloading all workers now
[2023-02-04 22:11:22 $102.0]	INFO	Server is reloading all workers now
[2023-02-04 22:11:26 $102.0]	INFO	Server is reloading all workers now
[2023-02-04 22:11:47 *6881.2]	NOTICE	ProcessFactory::end() (ERRNO 1005): session#75 does not exists
